<?xml version="1.0" encoding="UTF-8"?>
<!-- Generated by org.testng.reporters.JUnitReportReporter -->
<testsuite hostname="Akash" failures="0" tests="4" name="testClasses.TestNGVerifyReportAndUsers" time="0.000" errors="0" timestamp="2022-05-28T02:41:44 IST" skipped="4">
  <testcase classname="testClasses.TestNGVerifyReportAndUsers" name="usersPageValidation" time="0.000">
    <skipped/>
  </testcase> <!-- usersPageValidation -->
  <system-out/>
  <testcase classname="testClasses.TestNGVerifyReportAndUsers" name="reportPageValidation" time="0.000">
    <skipped/>
  </testcase> <!-- reportPageValidation -->
  <system-out/>
  <testcase classname="testClasses.TestNGVerifyReportAndUsers" name="reportPageValidation" time="0.000">
    <skipped/>
  </testcase> <!-- reportPageValidation -->
  <system-out/>
  <testcase classname="testClasses.TestNGVerifyReportAndUsers" name="usersPageValidation" time="0.000">
    <skipped/>
  </testcase> <!-- usersPageValidation -->
  <system-out/>
</testsuite> <!-- testClasses.TestNGVerifyReportAndUsers -->
