<?xml version="1.0" encoding="UTF-8"?>
<!-- Generated by org.testng.reporters.JUnitReportReporter -->
<testsuite hostname="Akash" failures="0" tests="1" name="Practice.TestNGWithBothAssert" time="10.363" errors="0" timestamp="2022-05-23T01:08:42 IST" skipped="0">
  <testcase classname="Practice.TestNGWithBothAssert" name="test" time="10.363"/>
  <system-out/>
</testsuite> <!-- Practice.TestNGWithBothAssert -->
