<?xml version="1.0" encoding="UTF-8"?>
<!-- Generated by org.testng.reporters.JUnitReportReporter -->
<testsuite hostname="Akash" failures="0" tests="1" name="testClasses.TestNGVerifyLogin" time="9.491" errors="0" timestamp="2022-05-23T00:25:49 IST" skipped="0">
  <testcase classname="testClasses.TestNGVerifyLogin" name="test" time="9.491"/>
  <system-out/>
</testsuite> <!-- testClasses.TestNGVerifyLogin -->
